INFO 2021-03-23 22:28:39,367 autoreload 584 Watching for file changes with StatReloader
ERROR 2021-03-23 22:28:43,917 exceptions 12 view是: <home.views.TestView object at 0x000001DC9B1F3FD0>, 错误是'age'
INFO 2021-03-23 22:28:43,982 basehttp 154 "GET /home/home/ HTTP/1.1" 200 5192
INFO 2021-03-23 22:30:17,083 autoreload 211 D:\JUST\justapi\justapi\utils\exceptions.py changed, reloading.
INFO 2021-03-23 22:30:25,875 autoreload 584 Watching for file changes with StatReloader
ERROR 2021-03-23 22:30:45,819 exceptions 12 view是: <home.views.TestView object at 0x000001DDD462C710>, 错误是'age'
INFO 2021-03-23 22:30:45,984 basehttp 154 "GET /home/home/ HTTP/1.1" 200 5192
INFO 2021-03-23 22:32:01,985 autoreload 211 D:\JUST\justapi\justapi\utils\exceptions.py changed, reloading.
INFO 2021-03-23 22:32:04,538 autoreload 584 Watching for file changes with StatReloader
ERROR 2021-03-23 22:32:33,137 log 228 Internal Server Error: /home/home/
Traceback (most recent call last):
  File "D:\JUST\Virtualenvs\just\lib\site-packages\rest_framework\views.py", line 506, in dispatch
    response = handler(request, *args, **kwargs)
  File "D:\JUST\justapi\justapi\apps\home\views.py", line 13, in get
    print(dic['age'])
KeyError: 'age'

During handling of the above exception, another exception occurred:

Traceback (most recent call last):
  File "D:\JUST\Virtualenvs\just\lib\site-packages\django\core\handlers\exception.py", line 34, in inner
    response = get_response(request)
  File "D:\JUST\Virtualenvs\just\lib\site-packages\django\core\handlers\base.py", line 115, in _get_response
    response = self.process_exception_by_middleware(e, request)
  File "D:\JUST\Virtualenvs\just\lib\site-packages\django\core\handlers\base.py", line 113, in _get_response
    response = wrapped_callback(request, *callback_args, **callback_kwargs)
  File "D:\JUST\Virtualenvs\just\lib\site-packages\django\views\decorators\csrf.py", line 54, in wrapped_view
    return view_func(*args, **kwargs)
  File "D:\JUST\Virtualenvs\just\lib\site-packages\django\views\generic\base.py", line 71, in view
    return self.dispatch(request, *args, **kwargs)
  File "D:\JUST\Virtualenvs\just\lib\site-packages\rest_framework\views.py", line 509, in dispatch
    response = self.handle_exception(exc)
  File "D:\JUST\Virtualenvs\just\lib\site-packages\rest_framework\views.py", line 466, in handle_exception
    response = exception_handler(exc, context)
  File "D:\JUST\justapi\justapi\utils\exceptions.py", line 13, in common_exceptions_handler
    log.error('view是: %s, 错误是%s'%(context['view'].__class__().__name__,str(exc)))
AttributeError: 'TestView' object has no attribute '__name__'
ERROR 2021-03-23 22:32:33,176 basehttp 154 "GET /home/home/ HTTP/1.1" 500 97682
INFO 2021-03-23 22:33:15,553 autoreload 211 D:\JUST\justapi\justapi\utils\exceptions.py changed, reloading.
INFO 2021-03-23 22:33:18,236 autoreload 584 Watching for file changes with StatReloader
ERROR 2021-03-23 22:33:26,607 log 228 Internal Server Error: /home/home/
Traceback (most recent call last):
  File "D:\JUST\Virtualenvs\just\lib\site-packages\rest_framework\views.py", line 506, in dispatch
    response = handler(request, *args, **kwargs)
  File "D:\JUST\justapi\justapi\apps\home\views.py", line 13, in get
    print(dic['age'])
KeyError: 'age'

During handling of the above exception, another exception occurred:

Traceback (most recent call last):
  File "D:\JUST\Virtualenvs\just\lib\site-packages\django\core\handlers\exception.py", line 34, in inner
    response = get_response(request)
  File "D:\JUST\Virtualenvs\just\lib\site-packages\django\core\handlers\base.py", line 115, in _get_response
    response = self.process_exception_by_middleware(e, request)
  File "D:\JUST\Virtualenvs\just\lib\site-packages\django\core\handlers\base.py", line 113, in _get_response
    response = wrapped_callback(request, *callback_args, **callback_kwargs)
  File "D:\JUST\Virtualenvs\just\lib\site-packages\django\views\decorators\csrf.py", line 54, in wrapped_view
    return view_func(*args, **kwargs)
  File "D:\JUST\Virtualenvs\just\lib\site-packages\django\views\generic\base.py", line 71, in view
    return self.dispatch(request, *args, **kwargs)
  File "D:\JUST\Virtualenvs\just\lib\site-packages\rest_framework\views.py", line 509, in dispatch
    response = self.handle_exception(exc)
  File "D:\JUST\Virtualenvs\just\lib\site-packages\rest_framework\views.py", line 466, in handle_exception
    response = exception_handler(exc, context)
  File "D:\JUST\justapi\justapi\utils\exceptions.py", line 13, in common_exceptions_handler
    log.error('view是: %s, 错误是%s'%(context['view'].__name__.__class__(),str(exc)))
AttributeError: 'TestView' object has no attribute '__name__'
ERROR 2021-03-23 22:33:26,654 basehttp 154 "GET /home/home/ HTTP/1.1" 500 97682
INFO 2021-03-23 22:33:40,547 autoreload 211 D:\JUST\justapi\justapi\utils\exceptions.py changed, reloading.
INFO 2021-03-23 22:33:43,751 autoreload 584 Watching for file changes with StatReloader
ERROR 2021-03-23 22:33:45,798 exceptions 13 view是: TestView, 错误是'age'
INFO 2021-03-23 22:33:45,911 basehttp 154 "GET /home/home/ HTTP/1.1" 200 5192
INFO 2021-03-23 22:34:24,998 autoreload 211 D:\JUST\justapi\justapi\utils\exceptions.py changed, reloading.
INFO 2021-03-23 22:34:28,349 autoreload 584 Watching for file changes with StatReloader
INFO 2021-03-24 00:48:16,675 autoreload 584 Watching for file changes with StatReloader
INFO 2021-03-24 00:56:04,641 autoreload 584 Watching for file changes with StatReloader
INFO 2021-03-24 00:56:58,537 basehttp 154 "GET /xadmin HTTP/1.1" 301 0
INFO 2021-03-24 00:56:59,152 basehttp 154 "GET /xadmin/ HTTP/1.1" 200 4151
INFO 2021-03-24 00:56:59,271 basehttp 154 "GET /static/xadmin/css/themes/bootstrap-xadmin.css HTTP/1.1" 200 1888
INFO 2021-03-24 00:56:59,293 basehttp 154 "GET /static/xadmin/vendor/bootstrap/css/bootstrap.css HTTP/1.1" 200 126432
INFO 2021-03-24 00:56:59,294 basehttp 154 "GET /static/xadmin/vendor/font-awesome/css/font-awesome.css HTTP/1.1" 200 21658
INFO 2021-03-24 00:56:59,314 basehttp 154 "GET /static/xadmin/css/xadmin.plugins.css HTTP/1.1" 200 175
INFO 2021-03-24 00:56:59,329 basehttp 154 "GET /static/xadmin/css/xadmin.main.css HTTP/1.1" 200 8376
INFO 2021-03-24 00:56:59,350 basehttp 154 "GET /static/xadmin/css/xadmin.responsive.css HTTP/1.1" 200 4361
INFO 2021-03-24 00:56:59,358 basehttp 154 "GET /static/xadmin/vendor/jquery-ui/jquery.ui.core.js HTTP/1.1" 200 8195
INFO 2021-03-24 00:56:59,425 basehttp 154 "GET /static/xadmin/vendor/jquery-ui/jquery.ui.mouse.js HTTP/1.1" 200 4561
INFO 2021-03-24 00:56:59,435 basehttp 154 "GET /static/xadmin/vendor/jquery-ui/jquery.ui.widget.js HTTP/1.1" 200 15069
INFO 2021-03-24 00:56:59,459 basehttp 154 "GET /static/xadmin/vendor/jquery-ui/jquery.ui.sortable.js HTTP/1.1" 200 42543
INFO 2021-03-24 00:56:59,471 basehttp 154 "GET /static/xadmin/vendor/bootstrap/js/bootstrap.js HTTP/1.1" 200 58327
INFO 2021-03-24 00:56:59,519 basehttp 154 "GET /xadmin/jsi18n/ HTTP/1.1" 200 4158
INFO 2021-03-24 00:56:59,520 basehttp 154 "GET /static/xadmin/vendor/jquery/jquery.js HTTP/1.1" 200 240196
INFO 2021-03-24 00:56:59,525 basehttp 154 "GET /static/xadmin/js/xadmin.main.js HTTP/1.1" 200 3401
INFO 2021-03-24 00:56:59,529 basehttp 154 "GET /static/xadmin/js/xadmin.responsive.js HTTP/1.1" 200 4165
INFO 2021-03-24 00:56:59,803 basehttp 154 "GET /static/xadmin/vendor/font-awesome/fonts/fontawesome-webfont.woff?v=4.0.3 HTTP/1.1" 200 44432
WARNING 2021-03-24 00:56:59,923 log 228 Not Found: /favicon.ico
WARNING 2021-03-24 00:56:59,926 basehttp 154 "GET /favicon.ico HTTP/1.1" 404 2308
INFO 2021-03-24 00:57:07,819 basehttp 154 "POST /xadmin/ HTTP/1.1" 302 0
INFO 2021-03-24 00:57:08,037 basehttp 154 "GET /xadmin/ HTTP/1.1" 200 10142
INFO 2021-03-24 00:57:08,154 basehttp 154 "GET /static/xadmin/css/xadmin.page.dashboard.css HTTP/1.1" 200 790
INFO 2021-03-24 00:57:08,161 basehttp 154 "GET /static/xadmin/js/xadmin.plugin.portal.js HTTP/1.1" 200 1000
INFO 2021-03-24 00:57:08,168 basehttp 154 "GET /static/xadmin/js/xadmin.page.dashboard.js HTTP/1.1" 200 3208
INFO 2021-03-24 00:57:08,179 basehttp 154 "GET /xadmin/jsi18n/ HTTP/1.1" 200 7722
INFO 2021-03-24 00:57:12,847 basehttp 154 "GET /xadmin/user/user/ HTTP/1.1" 200 30004
INFO 2021-03-24 00:57:12,930 basehttp 154 "GET /static/xadmin/css/xadmin.form.css HTTP/1.1" 200 3763
INFO 2021-03-24 00:57:12,985 basehttp 154 "GET /xadmin/jsi18n/ HTTP/1.1" 200 7722
INFO 2021-03-24 00:57:12,990 basehttp 154 "GET /static/xadmin/js/xadmin.plugin.details.js HTTP/1.1" 200 2319
INFO 2021-03-24 00:57:12,994 basehttp 154 "GET /static/xadmin/js/xadmin.plugin.actions.js HTTP/1.1" 200 4198
INFO 2021-03-24 00:57:12,995 basehttp 154 "GET /static/xadmin/js/xadmin.plugin.filters.js HTTP/1.1" 200 1990
INFO 2021-03-24 00:57:12,997 basehttp 154 "GET /static/xadmin/js/xadmin.plugin.bookmark.js HTTP/1.1" 200 529
INFO 2021-03-24 00:57:13,033 basehttp 154 "GET /static/xadmin/js/xadmin.page.list.js HTTP/1.1" 200 1105
INFO 2021-03-24 00:57:13,041 basehttp 154 "GET /static/xadmin/js/xadmin.page.form.js HTTP/1.1" 200 1948
INFO 2021-03-24 00:57:16,133 basehttp 154 "GET /xadmin/xadmin/log/ HTTP/1.1" 200 25879
INFO 2021-03-24 00:57:16,226 basehttp 154 "GET /static/xadmin/vendor/bootstrap-datepicker/css/datepicker.css HTTP/1.1" 200 10225
INFO 2021-03-24 00:57:16,234 basehttp 154 "GET /static/xadmin/vendor/selectize/selectize.css HTTP/1.1" 200 8425
INFO 2021-03-24 00:57:16,244 basehttp 154 "GET /static/xadmin/vendor/select2/select2.css HTTP/1.1" 200 19226
INFO 2021-03-24 00:57:16,259 basehttp 154 "GET /static/xadmin/vendor/selectize/selectize.bootstrap3.css HTTP/1.1" 200 10602
INFO 2021-03-24 00:57:16,284 basehttp 154 "GET /xadmin/jsi18n/ HTTP/1.1" 200 7722
INFO 2021-03-24 00:57:16,340 basehttp 154 "GET /static/xadmin/vendor/bootstrap-datepicker/js/bootstrap-datepicker.js HTTP/1.1" 200 32656
INFO 2021-03-24 00:57:16,349 basehttp 154 "GET /static/xadmin/js/xadmin.widget.datetime.js HTTP/1.1" 200 2979
INFO 2021-03-24 00:57:16,391 basehttp 154 "GET /static/xadmin/vendor/select2/select2.js HTTP/1.1" 200 104906
INFO 2021-03-24 00:57:16,393 basehttp 154 "GET /static/xadmin/vendor/selectize/selectize.js HTTP/1.1" 200 98602
INFO 2021-03-24 00:57:16,444 basehttp 154 "GET /static/xadmin/js/xadmin.widget.select.js HTTP/1.1" 200 1344
INFO 2021-03-24 00:57:16,445 basehttp 154 "GET /static/xadmin/vendor/select2/select2_locale_zh-hans.js HTTP/1.1" 200 694
INFO 2021-03-24 01:01:41,095 autoreload 584 Watching for file changes with StatReloader
INFO 2021-03-24 01:02:54,117 autoreload 584 Watching for file changes with StatReloader
INFO 2021-03-24 01:05:56,284 autoreload 211 D:\JUST\justapi\justapi\apps\home\models.py changed, reloading.
INFO 2021-03-24 01:27:26,946 autoreload 584 Watching for file changes with StatReloader
INFO 2021-03-24 01:34:54,891 autoreload 584 Watching for file changes with StatReloader
INFO 2021-03-24 01:35:51,990 autoreload 584 Watching for file changes with StatReloader
INFO 2021-03-24 01:42:34,780 autoreload 584 Watching for file changes with StatReloader
INFO 2021-03-24 01:43:43,376 autoreload 584 Watching for file changes with StatReloader
INFO 2021-03-24 01:45:15,530 autoreload 584 Watching for file changes with StatReloader
INFO 2021-03-24 01:47:10,779 autoreload 584 Watching for file changes with StatReloader
INFO 2021-03-24 01:57:10,866 autoreload 584 Watching for file changes with StatReloader
